<?xml version="1.0" encoding="utf-8"?><testsuites><testsuite name="pytest" errors="0" failures="0" skipped="0" tests="29" time="10.501" timestamp="2020-12-14T03:36:50.387266" hostname="54a37c06ea57"><testcase classname="tests.__init__" name="BLACK" file="tests/__init__.py" line="-1" time="0.941" /><testcase classname="tests.conftest" name="BLACK" file="tests/conftest.py" line="-1" time="0.816" /><testcase classname="tests.test_parsers" name="BLACK" file="tests/test_parsers.py" line="-1" time="0.712" /><testcase classname="tests.test_parsers.TestIndeedParser" name="test_full_url" file="tests/test_parsers.py" line="15" time="0.002" /><testcase classname="tests.test_parsers.TestIndeedParser" name="test_get_entries_count" file="tests/test_parsers.py" line="29" time="0.006" /><testcase classname="tests.test_parsers.TestIndeedEntry" name="test_link" file="tests/test_parsers.py" line="60" time="0.004" /><testcase classname="tests.test_parsers.TestIndeedEntry" name="test_job_page" file="tests/test_parsers.py" line="70" time="0.006" /><testcase classname="tests.test_parsers.TestIndeedEntry" name="test_job_title" file="tests/test_parsers.py" line="80" time="0.007" /><testcase classname="tests.test_parsers.TestIndeedEntry" name="test_company_name" file="tests/test_parsers.py" line="130" time="0.009" /><testcase classname="tests.test_parsers.TestIndeedEntry" name="test_location" file="tests/test_parsers.py" line="141" time="0.009" /><testcase classname="tests.test_parsers.TestIndeedEntry" name="test_salary" file="tests/test_parsers.py" line="152" time="0.007" /><testcase classname="tests.test_parsers.TestIndeedEntry" name="test_no_salary" file="tests/test_parsers.py" line="172" time="0.005" /><testcase classname="tests.test_parsers.TestIndeedEntry" name="test_job_summary" file="tests/test_parsers.py" line="188" time="0.004" /><testcase classname="tests.test_parsers.TestIndeedEntry" name="test_job_description" file="tests/test_parsers.py" line="208" time="1.013" /><testcase classname="tests.test_run" name="BLACK" file="tests/test_run.py" line="-1" time="0.784" /><testcase classname="tests.test_run.TestProjectContext" name="test_project_name" file="tests/test_run.py" line="54" time="0.088" /><testcase classname="tests.test_run.TestProjectContext" name="test_project_version" file="tests/test_run.py" line="57" time="0.067" /><testcase classname="tests.pipelines.__init__" name="BLACK" file="tests/pipelines/__init__.py" line="-1" time="0.587" /><testcase classname="tests.pipelines.data_engineering.__init__" name="BLACK" file="tests/pipelines/data_engineering/__init__.py" line="-1" time="0.624" /><testcase classname="tests.pipelines.data_engineering.test_nodes" name="BLACK" file="tests/pipelines/data_engineering/test_nodes.py" line="-1" time="0.641" /><testcase classname="tests.pipelines.data_engineering.test_nodes.TestGetJobPostings" name="test_typical" file="tests/pipelines/data_engineering/test_nodes.py" line="7" time="0.168" /><testcase classname="tests.pipelines.data_science.__init__" name="BLACK" file="tests/pipelines/data_science/__init__.py" line="-1" time="0.940" /><testcase classname="tests.pipelines.data_science.test_nodes" name="BLACK" file="tests/pipelines/data_science/test_nodes.py" line="-1" time="0.683" /><testcase classname="tests.pipelines.data_science.test_nodes.TestExpandLocation" name="test_typical" file="tests/pipelines/data_science/test_nodes.py" line="5" time="0.040" /><testcase classname="tests.pipelines.data_science.test_nodes.TestParseLocation" name="test_typical" file="tests/pipelines/data_science/test_nodes.py" line="31" time="0.003" /><testcase classname="tests.pipelines.data_science.test_nodes.TestParseLocation" name="test_no_neighborhood" file="tests/pipelines/data_science/test_nodes.py" line="44" time="0.002" /><testcase classname="tests.pipelines.data_science.test_nodes.TestParseLocation" name="test_no_zip_code" file="tests/pipelines/data_science/test_nodes.py" line="57" time="0.002" /><testcase classname="tests.pipelines.data_science.test_nodes.TestParseLocation" name="test_only_city_state" file="tests/pipelines/data_science/test_nodes.py" line="70" time="0.003" /><testcase classname="tests.pipelines.data_science.test_nodes.TestParseLocation" name="test_neighborhood_first" file="tests/pipelines/data_science/test_nodes.py" line="83" time="0.003" /></testsuite></testsuites>