<?xml version="1.0" encoding="utf-8"?><testsuites><testsuite name="pytest" errors="0" failures="0" skipped="0" tests="20" time="6.062" timestamp="2020-12-07T02:47:19.881821" hostname="43983cc567e9"><testcase classname="tests.__init__" name="BLACK" file="tests/__init__.py" line="-1" time="0.725" /><testcase classname="tests.conftest" name="BLACK" file="tests/conftest.py" line="-1" time="0.564" /><testcase classname="tests.test_parsers" name="BLACK" file="tests/test_parsers.py" line="-1" time="0.676" /><testcase classname="tests.test_parsers.TestIndeedParser" name="test_full_url" file="tests/test_parsers.py" line="17" time="0.002" /><testcase classname="tests.test_parsers.TestIndeedParser" name="test_get_entries_count" file="tests/test_parsers.py" line="31" time="0.007" /><testcase classname="tests.test_parsers.TestIndeedEntry" name="test_link" file="tests/test_parsers.py" line="62" time="0.003" /><testcase classname="tests.test_parsers.TestIndeedEntry" name="test_job_page" file="tests/test_parsers.py" line="72" time="0.003" /><testcase classname="tests.test_parsers.TestIndeedEntry" name="test_job_title" file="tests/test_parsers.py" line="82" time="0.007" /><testcase classname="tests.test_parsers.TestIndeedEntry" name="test_company_name" file="tests/test_parsers.py" line="137" time="0.007" /><testcase classname="tests.test_parsers.TestIndeedEntry" name="test_location" file="tests/test_parsers.py" line="148" time="0.008" /><testcase classname="tests.test_parsers.TestIndeedEntry" name="test_neighborhood[neighborhood]" file="tests/test_parsers.py" line="159" time="0.013" /><testcase classname="tests.test_parsers.TestIndeedEntry" name="test_neighborhood[updated_location]" file="tests/test_parsers.py" line="159" time="0.009" /><testcase classname="tests.test_parsers.TestIndeedEntry" name="test_salary" file="tests/test_parsers.py" line="177" time="0.004" /><testcase classname="tests.test_parsers.TestIndeedEntry" name="test_no_salary" file="tests/test_parsers.py" line="197" time="0.003" /><testcase classname="tests.test_parsers.TestIndeedEntry" name="test_job_summary" file="tests/test_parsers.py" line="213" time="0.003" /><testcase classname="tests.test_parsers.TestIndeedEntry" name="test_job_description" file="tests/test_parsers.py" line="233" time="1.015" /><testcase classname="tests.test_run" name="BLACK" file="tests/test_run.py" line="-1" time="0.577" /><testcase classname="tests.test_run.TestProjectContext" name="test_project_name" file="tests/test_run.py" line="54" time="0.544" /><testcase classname="tests.test_run.TestProjectContext" name="test_project_version" file="tests/test_run.py" line="57" time="0.070" /><testcase classname="tests.pipelines.__init__" name="BLACK" file="tests/pipelines/__init__.py" line="-1" time="0.563" /></testsuite></testsuites>