<?xml version="1.0" encoding="utf-8"?><testsuites><testsuite name="pytest" errors="0" failures="0" skipped="0" tests="20" time="6.189" timestamp="2020-12-06T18:27:40.328390" hostname="94bbcee32b58"><testcase classname="tests.__init__" name="BLACK" file="tests/__init__.py" line="-1" time="0.707" /><testcase classname="tests.conftest" name="BLACK" file="tests/conftest.py" line="-1" time="0.572" /><testcase classname="tests.test_parsers" name="BLACK" file="tests/test_parsers.py" line="-1" time="0.678" /><testcase classname="tests.test_parsers.TestIndeedParser" name="test_full_url" file="tests/test_parsers.py" line="15" time="0.004" /><testcase classname="tests.test_parsers.TestIndeedParser" name="test_get_entries_count" file="tests/test_parsers.py" line="29" time="0.010" /><testcase classname="tests.test_parsers.TestIndeedEntry" name="test_link" file="tests/test_parsers.py" line="60" time="0.004" /><testcase classname="tests.test_parsers.TestIndeedEntry" name="test_job_page" file="tests/test_parsers.py" line="70" time="0.003" /><testcase classname="tests.test_parsers.TestIndeedEntry" name="test_job_title" file="tests/test_parsers.py" line="80" time="0.005" /><testcase classname="tests.test_parsers.TestIndeedEntry" name="test_company_name" file="tests/test_parsers.py" line="131" time="0.011" /><testcase classname="tests.test_parsers.TestIndeedEntry" name="test_location" file="tests/test_parsers.py" line="142" time="0.008" /><testcase classname="tests.test_parsers.TestIndeedEntry" name="test_neighborhood[neighborhood]" file="tests/test_parsers.py" line="153" time="0.007" /><testcase classname="tests.test_parsers.TestIndeedEntry" name="test_neighborhood[updated_location]" file="tests/test_parsers.py" line="153" time="0.006" /><testcase classname="tests.test_parsers.TestIndeedEntry" name="test_salary" file="tests/test_parsers.py" line="171" time="0.004" /><testcase classname="tests.test_parsers.TestIndeedEntry" name="test_no_salary" file="tests/test_parsers.py" line="191" time="0.006" /><testcase classname="tests.test_parsers.TestIndeedEntry" name="test_job_summary" file="tests/test_parsers.py" line="207" time="0.007" /><testcase classname="tests.test_parsers.TestIndeedEntry" name="test_job_description" file="tests/test_parsers.py" line="227" time="1.019" /><testcase classname="tests.test_run" name="BLACK" file="tests/test_run.py" line="-1" time="0.586" /><testcase classname="tests.test_run.TestProjectContext" name="test_project_name" file="tests/test_run.py" line="54" time="0.579" /><testcase classname="tests.test_run.TestProjectContext" name="test_project_version" file="tests/test_run.py" line="57" time="0.056" /><testcase classname="tests.pipelines.__init__" name="BLACK" file="tests/pipelines/__init__.py" line="-1" time="0.567" /></testsuite></testsuites>