<?xml version="1.0" encoding="utf-8"?><testsuites><testsuite errors="0" failures="0" hostname="87e7c3e4ffdc" name="pytest" skipped="0" tests="35" time="14.674" timestamp="2021-04-17T23:53:27.325580"><testcase classname="tests.__init__" file="tests/__init__.py" line="-1" name="BLACK" time="0.703"></testcase><testcase classname="tests.conftest" file="tests/conftest.py" line="-1" name="BLACK" time="0.419"></testcase><testcase classname="tests.test_parsers" file="tests/test_parsers.py" line="-1" name="BLACK" time="0.504"></testcase><testcase classname="tests.test_parsers.TestIndeedParser" file="tests/test_parsers.py" line="15" name="test_full_url" time="0.001"></testcase><testcase classname="tests.test_parsers.TestIndeedParser" file="tests/test_parsers.py" line="29" name="test_get_entries_count" time="0.105"></testcase><testcase classname="tests.test_parsers.TestIndeedEntry" file="tests/test_parsers.py" line="60" name="test_link" time="0.003"></testcase><testcase classname="tests.test_parsers.TestIndeedEntry" file="tests/test_parsers.py" line="70" name="test_job_page" time="0.003"></testcase><testcase classname="tests.test_parsers.TestIndeedEntry" file="tests/test_parsers.py" line="80" name="test_job_title" time="0.004"></testcase><testcase classname="tests.test_parsers.TestIndeedEntry" file="tests/test_parsers.py" line="130" name="test_company_name" time="0.005"></testcase><testcase classname="tests.test_parsers.TestIndeedEntry" file="tests/test_parsers.py" line="141" name="test_location" time="0.005"></testcase><testcase classname="tests.test_parsers.TestIndeedEntry" file="tests/test_parsers.py" line="152" name="test_salary" time="0.003"></testcase><testcase classname="tests.test_parsers.TestIndeedEntry" file="tests/test_parsers.py" line="172" name="test_no_salary" time="0.002"></testcase><testcase classname="tests.test_parsers.TestIndeedEntry" file="tests/test_parsers.py" line="188" name="test_job_summary" time="0.003"></testcase><testcase classname="tests.test_parsers.TestIndeedEntry" file="tests/test_parsers.py" line="208" name="test_job_description" time="1.017"></testcase><testcase classname="tests.test_run" file="tests/test_run.py" line="-1" name="BLACK" time="0.409"></testcase><testcase classname="tests.test_run.TestProjectContext" file="tests/test_run.py" line="54" name="test_project_name" time="0.143"></testcase><testcase classname="tests.test_run.TestProjectContext" file="tests/test_run.py" line="57" name="test_project_version" time="0.060"></testcase><testcase classname="tests.pipelines.__init__" file="tests/pipelines/__init__.py" line="-1" name="BLACK" time="0.419"></testcase><testcase classname="tests.pipelines.data_engineering.__init__" file="tests/pipelines/data_engineering/__init__.py" line="-1" name="BLACK" time="0.398"></testcase><testcase classname="tests.pipelines.data_engineering.test_nodes" file="tests/pipelines/data_engineering/test_nodes.py" line="-1" name="BLACK" time="0.447"></testcase><testcase classname="tests.pipelines.data_engineering.test_nodes.TestGetJobPostings" file="tests/pipelines/data_engineering/test_nodes.py" line="7" name="test_typical" time="0.166"></testcase><testcase classname="tests.pipelines.data_science.__init__" file="tests/pipelines/data_science/__init__.py" line="-1" name="BLACK" time="0.403"></testcase><testcase classname="tests.pipelines.data_science.test_nodes" file="tests/pipelines/data_science/test_nodes.py" line="-1" name="BLACK" time="0.579"></testcase><testcase classname="tests.pipelines.data_science.test_nodes.TestExpandSalary" file="tests/pipelines/data_science/test_nodes.py" line="11" name="test_typical" time="0.039"></testcase><testcase classname="tests.pipelines.data_science.test_nodes.TestExpandSalary" file="tests/pipelines/data_science/test_nodes.py" line="40" name="test_salary_has_none" time="0.024"></testcase><testcase classname="tests.pipelines.data_science.test_nodes.TestParseSalary" file="tests/pipelines/data_science/test_nodes.py" line="72" name="test_typical_yearly" time="0.001"></testcase><testcase classname="tests.pipelines.data_science.test_nodes.TestParseSalary" file="tests/pipelines/data_science/test_nodes.py" line="85" name="test_typical_hourly" time="0.001"></testcase><testcase classname="tests.pipelines.data_science.test_nodes.TestParseSalary" file="tests/pipelines/data_science/test_nodes.py" line="98" name="test_single_value_yearly" time="0.001"></testcase><testcase classname="tests.pipelines.data_science.test_nodes.TestParseSalary" file="tests/pipelines/data_science/test_nodes.py" line="111" name="test_single_value_hourly" time="0.001"></testcase><testcase classname="tests.pipelines.data_science.test_nodes.TestExpandLocation" file="tests/pipelines/data_science/test_nodes.py" line="127" name="test_typical" time="0.024"></testcase><testcase classname="tests.pipelines.data_science.test_nodes.TestParseLocation" file="tests/pipelines/data_science/test_nodes.py" line="154" name="test_typical" time="0.001"></testcase><testcase classname="tests.pipelines.data_science.test_nodes.TestParseLocation" file="tests/pipelines/data_science/test_nodes.py" line="167" name="test_no_neighborhood" time="0.001"></testcase><testcase classname="tests.pipelines.data_science.test_nodes.TestParseLocation" file="tests/pipelines/data_science/test_nodes.py" line="180" name="test_no_zip_code" time="0.001"></testcase><testcase classname="tests.pipelines.data_science.test_nodes.TestParseLocation" file="tests/pipelines/data_science/test_nodes.py" line="193" name="test_only_city_state" time="0.002"></testcase><testcase classname="tests.pipelines.data_science.test_nodes.TestParseLocation" file="tests/pipelines/data_science/test_nodes.py" line="206" name="test_neighborhood_first" time="0.002"></testcase></testsuite></testsuites>