<?xml version="1.0" encoding="utf-8"?><testsuites><testsuite name="pytest" errors="0" failures="0" skipped="0" tests="35" time="7.398" timestamp="2020-12-20T21:34:21.246116" hostname="f4e0e556f376"><testcase classname="tests.__init__" name="BLACK" file="tests/__init__.py" line="-1" time="0.562" /><testcase classname="tests.conftest" name="BLACK" file="tests/conftest.py" line="-1" time="0.472" /><testcase classname="tests.test_parsers" name="BLACK" file="tests/test_parsers.py" line="-1" time="0.524" /><testcase classname="tests.test_parsers.TestIndeedParser" name="test_full_url" file="tests/test_parsers.py" line="15" time="0.002" /><testcase classname="tests.test_parsers.TestIndeedParser" name="test_get_entries_count" file="tests/test_parsers.py" line="29" time="0.008" /><testcase classname="tests.test_parsers.TestIndeedEntry" name="test_link" file="tests/test_parsers.py" line="60" time="0.006" /><testcase classname="tests.test_parsers.TestIndeedEntry" name="test_job_page" file="tests/test_parsers.py" line="70" time="0.003" /><testcase classname="tests.test_parsers.TestIndeedEntry" name="test_job_title" file="tests/test_parsers.py" line="80" time="0.004" /><testcase classname="tests.test_parsers.TestIndeedEntry" name="test_company_name" file="tests/test_parsers.py" line="130" time="0.005" /><testcase classname="tests.test_parsers.TestIndeedEntry" name="test_location" file="tests/test_parsers.py" line="141" time="0.010" /><testcase classname="tests.test_parsers.TestIndeedEntry" name="test_salary" file="tests/test_parsers.py" line="152" time="0.004" /><testcase classname="tests.test_parsers.TestIndeedEntry" name="test_no_salary" file="tests/test_parsers.py" line="172" time="0.002" /><testcase classname="tests.test_parsers.TestIndeedEntry" name="test_job_summary" file="tests/test_parsers.py" line="188" time="0.003" /><testcase classname="tests.test_parsers.TestIndeedEntry" name="test_job_description" file="tests/test_parsers.py" line="208" time="1.014" /><testcase classname="tests.test_run" name="BLACK" file="tests/test_run.py" line="-1" time="0.462" /><testcase classname="tests.test_run.TestProjectContext" name="test_project_name" file="tests/test_run.py" line="54" time="0.062" /><testcase classname="tests.test_run.TestProjectContext" name="test_project_version" file="tests/test_run.py" line="57" time="0.043" /><testcase classname="tests.pipelines.__init__" name="BLACK" file="tests/pipelines/__init__.py" line="-1" time="0.456" /><testcase classname="tests.pipelines.data_engineering.__init__" name="BLACK" file="tests/pipelines/data_engineering/__init__.py" line="-1" time="0.445" /><testcase classname="tests.pipelines.data_engineering.test_nodes" name="BLACK" file="tests/pipelines/data_engineering/test_nodes.py" line="-1" time="0.481" /><testcase classname="tests.pipelines.data_engineering.test_nodes.TestGetJobPostings" name="test_typical" file="tests/pipelines/data_engineering/test_nodes.py" line="7" time="0.119" /><testcase classname="tests.pipelines.data_science.__init__" name="BLACK" file="tests/pipelines/data_science/__init__.py" line="-1" time="0.453" /><testcase classname="tests.pipelines.data_science.test_nodes" name="BLACK" file="tests/pipelines/data_science/test_nodes.py" line="-1" time="0.557" /><testcase classname="tests.pipelines.data_science.test_nodes.TestExpandSalary" name="test_typical" file="tests/pipelines/data_science/test_nodes.py" line="10" time="0.037" /><testcase classname="tests.pipelines.data_science.test_nodes.TestExpandSalary" name="test_salary_has_none" file="tests/pipelines/data_science/test_nodes.py" line="39" time="0.035" /><testcase classname="tests.pipelines.data_science.test_nodes.TestParseSalary" name="test_typical_yearly" file="tests/pipelines/data_science/test_nodes.py" line="71" time="0.001" /><testcase classname="tests.pipelines.data_science.test_nodes.TestParseSalary" name="test_typical_hourly" file="tests/pipelines/data_science/test_nodes.py" line="84" time="0.001" /><testcase classname="tests.pipelines.data_science.test_nodes.TestParseSalary" name="test_single_value_yearly" file="tests/pipelines/data_science/test_nodes.py" line="97" time="0.003" /><testcase classname="tests.pipelines.data_science.test_nodes.TestParseSalary" name="test_single_value_hourly" file="tests/pipelines/data_science/test_nodes.py" line="110" time="0.001" /><testcase classname="tests.pipelines.data_science.test_nodes.TestExpandLocation" name="test_typical" file="tests/pipelines/data_science/test_nodes.py" line="126" time="0.033" /><testcase classname="tests.pipelines.data_science.test_nodes.TestParseLocation" name="test_typical" file="tests/pipelines/data_science/test_nodes.py" line="153" time="0.002" /><testcase classname="tests.pipelines.data_science.test_nodes.TestParseLocation" name="test_no_neighborhood" file="tests/pipelines/data_science/test_nodes.py" line="166" time="0.001" /><testcase classname="tests.pipelines.data_science.test_nodes.TestParseLocation" name="test_no_zip_code" file="tests/pipelines/data_science/test_nodes.py" line="179" time="0.001" /><testcase classname="tests.pipelines.data_science.test_nodes.TestParseLocation" name="test_only_city_state" file="tests/pipelines/data_science/test_nodes.py" line="192" time="0.001" /><testcase classname="tests.pipelines.data_science.test_nodes.TestParseLocation" name="test_neighborhood_first" file="tests/pipelines/data_science/test_nodes.py" line="205" time="0.002" /></testsuite></testsuites>