<?xml version="1.0" encoding="utf-8"?><testsuites><testsuite errors="0" failures="0" hostname="8af39a29eca0" name="pytest" skipped="0" tests="43" time="20.927" timestamp="2021-04-18T19:46:41.563889"><testcase classname="tests.__init__" file="tests/__init__.py" line="-1" name="BLACK" time="0.612"></testcase><testcase classname="tests.conftest" file="tests/conftest.py" line="-1" name="BLACK" time="0.382"></testcase><testcase classname="tests.test_parsers" file="tests/test_parsers.py" line="-1" name="BLACK" time="0.487"></testcase><testcase classname="tests.test_parsers.TestIndeedParser" file="tests/test_parsers.py" line="15" name="test_full_url" time="0.001"></testcase><testcase classname="tests.test_parsers.TestIndeedParser" file="tests/test_parsers.py" line="29" name="test_get_entries_count" time="0.094"></testcase><testcase classname="tests.test_parsers.TestIndeedEntry" file="tests/test_parsers.py" line="60" name="test_link" time="0.002"></testcase><testcase classname="tests.test_parsers.TestIndeedEntry" file="tests/test_parsers.py" line="70" name="test_job_page" time="0.002"></testcase><testcase classname="tests.test_parsers.TestIndeedEntry" file="tests/test_parsers.py" line="80" name="test_job_title" time="0.004"></testcase><testcase classname="tests.test_parsers.TestIndeedEntry" file="tests/test_parsers.py" line="130" name="test_company_name" time="0.005"></testcase><testcase classname="tests.test_parsers.TestIndeedEntry" file="tests/test_parsers.py" line="141" name="test_location" time="0.006"></testcase><testcase classname="tests.test_parsers.TestIndeedEntry" file="tests/test_parsers.py" line="152" name="test_salary" time="0.004"></testcase><testcase classname="tests.test_parsers.TestIndeedEntry" file="tests/test_parsers.py" line="172" name="test_no_salary" time="0.003"></testcase><testcase classname="tests.test_parsers.TestIndeedEntry" file="tests/test_parsers.py" line="188" name="test_job_summary" time="0.003"></testcase><testcase classname="tests.test_parsers.TestIndeedEntry" file="tests/test_parsers.py" line="208" name="test_job_description" time="1.018"></testcase><testcase classname="tests.test_run" file="tests/test_run.py" line="-1" name="BLACK" time="0.372"></testcase><testcase classname="tests.test_run.TestProjectContext" file="tests/test_run.py" line="54" name="test_project_name" time="0.113"></testcase><testcase classname="tests.test_run.TestProjectContext" file="tests/test_run.py" line="57" name="test_project_version" time="0.062"></testcase><testcase classname="tests.pipelines.__init__" file="tests/pipelines/__init__.py" line="-1" name="BLACK" time="0.352"></testcase><testcase classname="tests.pipelines.data_engineering.__init__" file="tests/pipelines/data_engineering/__init__.py" line="-1" name="BLACK" time="0.347"></testcase><testcase classname="tests.pipelines.data_engineering.test_nodes" file="tests/pipelines/data_engineering/test_nodes.py" line="-1" name="BLACK" time="0.390"></testcase><testcase classname="tests.pipelines.data_engineering.test_nodes.TestGetJobPostings" file="tests/pipelines/data_engineering/test_nodes.py" line="7" name="test_typical" time="0.133"></testcase><testcase classname="tests.pipelines.data_science.__init__" file="tests/pipelines/data_science/__init__.py" line="-1" name="BLACK" time="0.349"></testcase><testcase classname="tests.pipelines.data_science.test_nodes" file="tests/pipelines/data_science/test_nodes.py" line="-1" name="BLACK" time="0.454"></testcase><testcase classname="tests.pipelines.data_science.test_nodes.TestExpandSalary" file="tests/pipelines/data_science/test_nodes.py" line="11" name="test_typical" time="0.039"></testcase><testcase classname="tests.pipelines.data_science.test_nodes.TestExpandSalary" file="tests/pipelines/data_science/test_nodes.py" line="40" name="test_salary_has_none" time="0.023"></testcase><testcase classname="tests.pipelines.data_science.test_nodes.TestParseSalary" file="tests/pipelines/data_science/test_nodes.py" line="72" name="test_typical_yearly" time="0.002"></testcase><testcase classname="tests.pipelines.data_science.test_nodes.TestParseSalary" file="tests/pipelines/data_science/test_nodes.py" line="85" name="test_typical_hourly" time="0.002"></testcase><testcase classname="tests.pipelines.data_science.test_nodes.TestParseSalary" file="tests/pipelines/data_science/test_nodes.py" line="98" name="test_single_value_yearly" time="0.001"></testcase><testcase classname="tests.pipelines.data_science.test_nodes.TestParseSalary" file="tests/pipelines/data_science/test_nodes.py" line="111" name="test_single_value_hourly" time="0.001"></testcase><testcase classname="tests.pipelines.data_science.test_nodes.TestExpandLocation" file="tests/pipelines/data_science/test_nodes.py" line="127" name="test_typical" time="0.023"></testcase><testcase classname="tests.pipelines.data_science.test_nodes.TestParseLocation" file="tests/pipelines/data_science/test_nodes.py" line="154" name="test_typical" time="0.001"></testcase><testcase classname="tests.pipelines.data_science.test_nodes.TestParseLocation" file="tests/pipelines/data_science/test_nodes.py" line="167" name="test_no_neighborhood" time="0.001"></testcase><testcase classname="tests.pipelines.data_science.test_nodes.TestParseLocation" file="tests/pipelines/data_science/test_nodes.py" line="180" name="test_no_zip_code" time="0.001"></testcase><testcase classname="tests.pipelines.data_science.test_nodes.TestParseLocation" file="tests/pipelines/data_science/test_nodes.py" line="193" name="test_only_city_state" time="0.001"></testcase><testcase classname="tests.pipelines.data_science.test_nodes.TestParseLocation" file="tests/pipelines/data_science/test_nodes.py" line="206" name="test_neighborhood_first" time="0.001"></testcase><testcase classname="tests.pipelines.data_science.test_parse_description" file="tests/pipelines/data_science/test_parse_description.py" line="-1" name="BLACK" time="0.436"></testcase><testcase classname="tests.pipelines.data_science.test_parse_description.TestConvertDescriptionStats" file="tests/pipelines/data_science/test_parse_description.py" line="17" name="test_simple_case" time="0.013"></testcase><testcase classname="tests.pipelines.data_science.test_parse_description.TestExtractDescriptionStats" file="tests/pipelines/data_science/test_parse_description.py" line="43" name="test_table_constructed_and_saved_as_expected" time="0.022"></testcase><testcase classname="tests.pipelines.data_science.test_parse_description.TestCountTerms" file="tests/pipelines/data_science/test_parse_description.py" line="86" name="test_typical_case" time="0.004"></testcase><testcase classname="tests.pipelines.data_science.test_parse_description.TestCleanDescription" file="tests/pipelines/data_science/test_parse_description.py" line="105" name="test_typical_case" time="0.001"></testcase><testcase classname="tests.pipelines.data_science.test_parse_description.TestCleanDescription" file="tests/pipelines/data_science/test_parse_description.py" line="118" name="test_lower_cased" time="0.001"></testcase><testcase classname="tests.pipelines.data_science.test_parse_description.TestCleanDescription" file="tests/pipelines/data_science/test_parse_description.py" line="131" name="test_remove_escape_chars" time="0.001"></testcase><testcase classname="tests.pipelines.data_science.test_parse_description.TestAppendIdf" file="tests/pipelines/data_science/test_parse_description.py" line="146" name="test_appending_idf_column" time="7.055"></testcase></testsuite></testsuites>