<?xml version="1.0" encoding="utf-8"?><testsuites><testsuite name="pytest" errors="0" failures="0" skipped="0" tests="34" time="7.225" timestamp="2020-12-20T18:23:56.989803" hostname="8e9e484dcbb3"><testcase classname="tests.__init__" name="BLACK" file="tests/__init__.py" line="-1" time="0.558" /><testcase classname="tests.conftest" name="BLACK" file="tests/conftest.py" line="-1" time="0.431" /><testcase classname="tests.test_parsers" name="BLACK" file="tests/test_parsers.py" line="-1" time="0.478" /><testcase classname="tests.test_parsers.TestIndeedParser" name="test_full_url" file="tests/test_parsers.py" line="15" time="0.001" /><testcase classname="tests.test_parsers.TestIndeedParser" name="test_get_entries_count" file="tests/test_parsers.py" line="29" time="0.011" /><testcase classname="tests.test_parsers.TestIndeedEntry" name="test_link" file="tests/test_parsers.py" line="60" time="0.002" /><testcase classname="tests.test_parsers.TestIndeedEntry" name="test_job_page" file="tests/test_parsers.py" line="70" time="0.002" /><testcase classname="tests.test_parsers.TestIndeedEntry" name="test_job_title" file="tests/test_parsers.py" line="80" time="0.004" /><testcase classname="tests.test_parsers.TestIndeedEntry" name="test_company_name" file="tests/test_parsers.py" line="130" time="0.004" /><testcase classname="tests.test_parsers.TestIndeedEntry" name="test_location" file="tests/test_parsers.py" line="141" time="0.005" /><testcase classname="tests.test_parsers.TestIndeedEntry" name="test_salary" file="tests/test_parsers.py" line="152" time="0.004" /><testcase classname="tests.test_parsers.TestIndeedEntry" name="test_no_salary" file="tests/test_parsers.py" line="172" time="0.002" /><testcase classname="tests.test_parsers.TestIndeedEntry" name="test_job_summary" file="tests/test_parsers.py" line="188" time="0.002" /><testcase classname="tests.test_parsers.TestIndeedEntry" name="test_job_description" file="tests/test_parsers.py" line="208" time="1.015" /><testcase classname="tests.test_run" name="BLACK" file="tests/test_run.py" line="-1" time="0.437" /><testcase classname="tests.test_run.TestProjectContext" name="test_project_name" file="tests/test_run.py" line="54" time="0.057" /><testcase classname="tests.test_run.TestProjectContext" name="test_project_version" file="tests/test_run.py" line="57" time="0.042" /><testcase classname="tests.pipelines.__init__" name="BLACK" file="tests/pipelines/__init__.py" line="-1" time="0.411" /><testcase classname="tests.pipelines.data_engineering.__init__" name="BLACK" file="tests/pipelines/data_engineering/__init__.py" line="-1" time="0.407" /><testcase classname="tests.pipelines.data_engineering.test_nodes" name="BLACK" file="tests/pipelines/data_engineering/test_nodes.py" line="-1" time="0.432" /><testcase classname="tests.pipelines.data_engineering.test_nodes.TestGetJobPostings" name="test_typical" file="tests/pipelines/data_engineering/test_nodes.py" line="7" time="0.117" /><testcase classname="tests.pipelines.data_science.__init__" name="BLACK" file="tests/pipelines/data_science/__init__.py" line="-1" time="0.394" /><testcase classname="tests.pipelines.data_science.test_nodes" name="BLACK" file="tests/pipelines/data_science/test_nodes.py" line="-1" time="0.480" /><testcase classname="tests.pipelines.data_science.test_nodes.TestExpandSalary" name="test_typical" file="tests/pipelines/data_science/test_nodes.py" line="10" time="0.020" /><testcase classname="tests.pipelines.data_science.test_nodes.TestParseSalary" name="test_typical_yearly" file="tests/pipelines/data_science/test_nodes.py" line="37" time="0.001" /><testcase classname="tests.pipelines.data_science.test_nodes.TestParseSalary" name="test_typical_hourly" file="tests/pipelines/data_science/test_nodes.py" line="50" time="0.001" /><testcase classname="tests.pipelines.data_science.test_nodes.TestParseSalary" name="test_single_value_yearly" file="tests/pipelines/data_science/test_nodes.py" line="63" time="0.001" /><testcase classname="tests.pipelines.data_science.test_nodes.TestParseSalary" name="test_single_value_hourly" file="tests/pipelines/data_science/test_nodes.py" line="76" time="0.001" /><testcase classname="tests.pipelines.data_science.test_nodes.TestExpandLocation" name="test_typical" file="tests/pipelines/data_science/test_nodes.py" line="92" time="0.026" /><testcase classname="tests.pipelines.data_science.test_nodes.TestParseLocation" name="test_typical" file="tests/pipelines/data_science/test_nodes.py" line="119" time="0.001" /><testcase classname="tests.pipelines.data_science.test_nodes.TestParseLocation" name="test_no_neighborhood" file="tests/pipelines/data_science/test_nodes.py" line="132" time="0.002" /><testcase classname="tests.pipelines.data_science.test_nodes.TestParseLocation" name="test_no_zip_code" file="tests/pipelines/data_science/test_nodes.py" line="145" time="0.001" /><testcase classname="tests.pipelines.data_science.test_nodes.TestParseLocation" name="test_only_city_state" file="tests/pipelines/data_science/test_nodes.py" line="158" time="0.001" /><testcase classname="tests.pipelines.data_science.test_nodes.TestParseLocation" name="test_neighborhood_first" file="tests/pipelines/data_science/test_nodes.py" line="171" time="0.002" /></testsuite></testsuites>