<?xml version="1.0" encoding="utf-8"?><testsuites><testsuite errors="0" failures="0" hostname="dfe50b0fc720" name="pytest" skipped="0" tests="86" time="26.930" timestamp="2021-04-30T04:42:55.353703"><testcase classname="tests.__init__" file="tests/__init__.py" line="-1" name="BLACK" time="0.764"></testcase><testcase classname="tests.conftest" file="tests/conftest.py" line="-1" name="BLACK" time="0.429"></testcase><testcase classname="tests.test_calculators" file="tests/test_calculators.py" line="-1" name="BLACK" time="0.500"></testcase><testcase classname="tests.test_calculators.TestTermFrequencyCalculator" file="tests/test_calculators.py" line="6" name="test_integration" time="0.001"></testcase><testcase classname="tests.test_calculators.TestTermFrequencyCalculator" file="tests/test_calculators.py" line="13" name="test_integration_with_k_norm" time="0.002"></testcase><testcase classname="tests.test_calculators.TestTermFrequencyCalculator" file="tests/test_calculators.py" line="23" name="test_bad_term_count[0]" time="0.002"></testcase><testcase classname="tests.test_calculators.TestTermFrequencyCalculator" file="tests/test_calculators.py" line="23" name="test_bad_term_count[-1]" time="0.001"></testcase><testcase classname="tests.test_calculators.TestTermFrequencyCalculator" file="tests/test_calculators.py" line="23" name="test_bad_term_count[-0.2]" time="0.001"></testcase><testcase classname="tests.test_calculators.TestTermFrequencyCalculator" file="tests/test_calculators.py" line="23" name="test_bad_term_count[3.2]" time="0.001"></testcase><testcase classname="tests.test_calculators.TestTermFrequencyCalculator" file="tests/test_calculators.py" line="23" name="test_bad_term_count[1.0]" time="0.001"></testcase><testcase classname="tests.test_calculators.TestTermFrequencyCalculator" file="tests/test_calculators.py" line="33" name="test_bad_terms_in_document[0]" time="0.001"></testcase><testcase classname="tests.test_calculators.TestTermFrequencyCalculator" file="tests/test_calculators.py" line="33" name="test_bad_terms_in_document[-1]" time="0.001"></testcase><testcase classname="tests.test_calculators.TestTermFrequencyCalculator" file="tests/test_calculators.py" line="33" name="test_bad_terms_in_document[-0.2]" time="0.001"></testcase><testcase classname="tests.test_calculators.TestTermFrequencyCalculator" file="tests/test_calculators.py" line="33" name="test_bad_terms_in_document[3.2]" time="0.001"></testcase><testcase classname="tests.test_calculators.TestTermFrequencyCalculator" file="tests/test_calculators.py" line="33" name="test_bad_terms_in_document[1.0]" time="0.001"></testcase><testcase classname="tests.test_calculators.TestTermFrequencyCalculator" file="tests/test_calculators.py" line="43" name="test_bad_max_term_count[0]" time="0.001"></testcase><testcase classname="tests.test_calculators.TestTermFrequencyCalculator" file="tests/test_calculators.py" line="43" name="test_bad_max_term_count[-1]" time="0.001"></testcase><testcase classname="tests.test_calculators.TestTermFrequencyCalculator" file="tests/test_calculators.py" line="43" name="test_bad_max_term_count[-0.2]" time="0.001"></testcase><testcase classname="tests.test_calculators.TestTermFrequencyCalculator" file="tests/test_calculators.py" line="43" name="test_bad_max_term_count[3.2]" time="0.001"></testcase><testcase classname="tests.test_calculators.TestTermFrequencyCalculator" file="tests/test_calculators.py" line="43" name="test_bad_max_term_count[1.0]" time="0.001"></testcase><testcase classname="tests.test_calculators.TestTermFrequencyCalculator" file="tests/test_calculators.py" line="53" name="test_bad_k[0]" time="0.001"></testcase><testcase classname="tests.test_calculators.TestTermFrequencyCalculator" file="tests/test_calculators.py" line="53" name="test_bad_k[1]" time="0.001"></testcase><testcase classname="tests.test_calculators.TestTermFrequencyCalculator" file="tests/test_calculators.py" line="53" name="test_bad_k[-0.2]" time="0.001"></testcase><testcase classname="tests.test_calculators.TestTermFrequencyCalculator" file="tests/test_calculators.py" line="53" name="test_bad_k[3.2]" time="0.001"></testcase><testcase classname="tests.test_calculators.TestTermFrequencyCalculator" file="tests/test_calculators.py" line="53" name="test_bad_k[1.0]" time="0.001"></testcase><testcase classname="tests.test_calculators.TestTermFrequencyCalculator" file="tests/test_calculators.py" line="53" name="test_bad_k[100]" time="0.001"></testcase><testcase classname="tests.test_calculators.TestInverseDocumentFrequencyCalculator" file="tests/test_calculators.py" line="67" name="test_integration" time="0.001"></testcase><testcase classname="tests.test_calculators.TestInverseDocumentFrequencyCalculator" file="tests/test_calculators.py" line="76" name="test_integration_standard_scale" time="0.001"></testcase><testcase classname="tests.test_calculators.TestInverseDocumentFrequencyCalculator" file="tests/test_calculators.py" line="88" name="test_bad_documents_with_term[0]" time="0.001"></testcase><testcase classname="tests.test_calculators.TestInverseDocumentFrequencyCalculator" file="tests/test_calculators.py" line="88" name="test_bad_documents_with_term[-1]" time="0.003"></testcase><testcase classname="tests.test_calculators.TestInverseDocumentFrequencyCalculator" file="tests/test_calculators.py" line="88" name="test_bad_documents_with_term[-0.2]" time="0.001"></testcase><testcase classname="tests.test_calculators.TestInverseDocumentFrequencyCalculator" file="tests/test_calculators.py" line="88" name="test_bad_documents_with_term[3.2]" time="0.001"></testcase><testcase classname="tests.test_calculators.TestInverseDocumentFrequencyCalculator" file="tests/test_calculators.py" line="88" name="test_bad_documents_with_term[1.0]" time="0.002"></testcase><testcase classname="tests.test_calculators.TestInverseDocumentFrequencyCalculator" file="tests/test_calculators.py" line="100" name="test_bad_terms_in_document[0]" time="0.001"></testcase><testcase classname="tests.test_calculators.TestInverseDocumentFrequencyCalculator" file="tests/test_calculators.py" line="100" name="test_bad_terms_in_document[-1]" time="0.001"></testcase><testcase classname="tests.test_calculators.TestInverseDocumentFrequencyCalculator" file="tests/test_calculators.py" line="100" name="test_bad_terms_in_document[-0.2]" time="0.001"></testcase><testcase classname="tests.test_calculators.TestInverseDocumentFrequencyCalculator" file="tests/test_calculators.py" line="100" name="test_bad_terms_in_document[3.2]" time="0.001"></testcase><testcase classname="tests.test_calculators.TestInverseDocumentFrequencyCalculator" file="tests/test_calculators.py" line="100" name="test_bad_terms_in_document[1.0]" time="0.001"></testcase><testcase classname="tests.test_calculators.TestInverseDocumentFrequencyCalculator" file="tests/test_calculators.py" line="112" name="test_bad_max_term_count[0]" time="0.001"></testcase><testcase classname="tests.test_calculators.TestInverseDocumentFrequencyCalculator" file="tests/test_calculators.py" line="112" name="test_bad_max_term_count[-1]" time="0.001"></testcase><testcase classname="tests.test_calculators.TestInverseDocumentFrequencyCalculator" file="tests/test_calculators.py" line="112" name="test_bad_max_term_count[-0.2]" time="0.001"></testcase><testcase classname="tests.test_calculators.TestInverseDocumentFrequencyCalculator" file="tests/test_calculators.py" line="112" name="test_bad_max_term_count[3.2]" time="0.001"></testcase><testcase classname="tests.test_calculators.TestInverseDocumentFrequencyCalculator" file="tests/test_calculators.py" line="112" name="test_bad_max_term_count[1.0]" time="0.001"></testcase><testcase classname="tests.test_parsers" file="tests/test_parsers.py" line="-1" name="BLACK" time="0.552"></testcase><testcase classname="tests.test_parsers.TestIndeedParser" file="tests/test_parsers.py" line="15" name="test_full_url" time="0.001"></testcase><testcase classname="tests.test_parsers.TestIndeedParser" file="tests/test_parsers.py" line="29" name="test_get_entries_count" time="0.121"></testcase><testcase classname="tests.test_parsers.TestIndeedEntry" file="tests/test_parsers.py" line="60" name="test_link" time="0.004"></testcase><testcase classname="tests.test_parsers.TestIndeedEntry" file="tests/test_parsers.py" line="70" name="test_job_page" time="0.004"></testcase><testcase classname="tests.test_parsers.TestIndeedEntry" file="tests/test_parsers.py" line="80" name="test_job_title" time="0.004"></testcase><testcase classname="tests.test_parsers.TestIndeedEntry" file="tests/test_parsers.py" line="130" name="test_company_name" time="0.005"></testcase><testcase classname="tests.test_parsers.TestIndeedEntry" file="tests/test_parsers.py" line="141" name="test_location" time="0.005"></testcase><testcase classname="tests.test_parsers.TestIndeedEntry" file="tests/test_parsers.py" line="152" name="test_salary" time="0.003"></testcase><testcase classname="tests.test_parsers.TestIndeedEntry" file="tests/test_parsers.py" line="172" name="test_no_salary" time="0.006"></testcase><testcase classname="tests.test_parsers.TestIndeedEntry" file="tests/test_parsers.py" line="188" name="test_job_summary" time="0.004"></testcase><testcase classname="tests.test_parsers.TestIndeedEntry" file="tests/test_parsers.py" line="208" name="test_job_description" time="1.015"></testcase><testcase classname="tests.test_run" file="tests/test_run.py" line="-1" name="BLACK" time="0.421"></testcase><testcase classname="tests.test_run.TestProjectContext" file="tests/test_run.py" line="54" name="test_project_name" time="0.112"></testcase><testcase classname="tests.test_run.TestProjectContext" file="tests/test_run.py" line="57" name="test_project_version" time="0.072"></testcase><testcase classname="tests.pipelines.__init__" file="tests/pipelines/__init__.py" line="-1" name="BLACK" time="0.425"></testcase><testcase classname="tests.pipelines.data_engineering.__init__" file="tests/pipelines/data_engineering/__init__.py" line="-1" name="BLACK" time="0.427"></testcase><testcase classname="tests.pipelines.data_engineering.test_nodes" file="tests/pipelines/data_engineering/test_nodes.py" line="-1" name="BLACK" time="0.457"></testcase><testcase classname="tests.pipelines.data_engineering.test_nodes.TestGetJobPostings" file="tests/pipelines/data_engineering/test_nodes.py" line="7" name="test_typical" time="0.168"></testcase><testcase classname="tests.pipelines.data_science.__init__" file="tests/pipelines/data_science/__init__.py" line="-1" name="BLACK" time="0.424"></testcase><testcase classname="tests.pipelines.data_science.test_append_tfidf" file="tests/pipelines/data_science/test_append_tfidf.py" line="-1" name="BLACK" time="0.415"></testcase><testcase classname="tests.pipelines.data_science.test_nodes" file="tests/pipelines/data_science/test_nodes.py" line="-1" name="BLACK" time="0.547"></testcase><testcase classname="tests.pipelines.data_science.test_nodes.TestExpandSalary" file="tests/pipelines/data_science/test_nodes.py" line="11" name="test_typical" time="0.050"></testcase><testcase classname="tests.pipelines.data_science.test_nodes.TestExpandSalary" file="tests/pipelines/data_science/test_nodes.py" line="40" name="test_salary_has_none" time="0.024"></testcase><testcase classname="tests.pipelines.data_science.test_nodes.TestParseSalary" file="tests/pipelines/data_science/test_nodes.py" line="72" name="test_typical_yearly" time="0.001"></testcase><testcase classname="tests.pipelines.data_science.test_nodes.TestParseSalary" file="tests/pipelines/data_science/test_nodes.py" line="85" name="test_typical_hourly" time="0.001"></testcase><testcase classname="tests.pipelines.data_science.test_nodes.TestParseSalary" file="tests/pipelines/data_science/test_nodes.py" line="98" name="test_single_value_yearly" time="0.003"></testcase><testcase classname="tests.pipelines.data_science.test_nodes.TestParseSalary" file="tests/pipelines/data_science/test_nodes.py" line="111" name="test_single_value_hourly" time="0.001"></testcase><testcase classname="tests.pipelines.data_science.test_nodes.TestExpandLocation" file="tests/pipelines/data_science/test_nodes.py" line="127" name="test_typical" time="0.029"></testcase><testcase classname="tests.pipelines.data_science.test_nodes.TestParseLocation" file="tests/pipelines/data_science/test_nodes.py" line="154" name="test_typical" time="0.002"></testcase><testcase classname="tests.pipelines.data_science.test_nodes.TestParseLocation" file="tests/pipelines/data_science/test_nodes.py" line="167" name="test_no_neighborhood" time="0.001"></testcase><testcase classname="tests.pipelines.data_science.test_nodes.TestParseLocation" file="tests/pipelines/data_science/test_nodes.py" line="180" name="test_no_zip_code" time="0.001"></testcase><testcase classname="tests.pipelines.data_science.test_nodes.TestParseLocation" file="tests/pipelines/data_science/test_nodes.py" line="193" name="test_only_city_state" time="0.001"></testcase><testcase classname="tests.pipelines.data_science.test_nodes.TestParseLocation" file="tests/pipelines/data_science/test_nodes.py" line="206" name="test_neighborhood_first" time="0.001"></testcase><testcase classname="tests.pipelines.data_science.test_parse_description" file="tests/pipelines/data_science/test_parse_description.py" line="-1" name="BLACK" time="0.584"></testcase><testcase classname="tests.pipelines.data_science.test_parse_description.TestConvertDescriptionStats" file="tests/pipelines/data_science/test_parse_description.py" line="18" name="test_simple_case" time="0.018"></testcase><testcase classname="tests.pipelines.data_science.test_parse_description.TestAppendTotalAndMaxCountsInDoc" file="tests/pipelines/data_science/test_parse_description.py" line="51" name="test_expected_counts" time="8.716"></testcase><testcase classname="tests.pipelines.data_science.test_parse_description.TestExtractDescriptionStats" file="tests/pipelines/data_science/test_parse_description.py" line="88" name="test_table_constructed_and_saved_as_expected" time="0.022"></testcase><testcase classname="tests.pipelines.data_science.test_parse_description.TestCountTerms" file="tests/pipelines/data_science/test_parse_description.py" line="131" name="test_typical_case" time="0.004"></testcase><testcase classname="tests.pipelines.data_science.test_parse_description.TestCleanDescription" file="tests/pipelines/data_science/test_parse_description.py" line="150" name="test_typical_case" time="0.001"></testcase><testcase classname="tests.pipelines.data_science.test_parse_description.TestCleanDescription" file="tests/pipelines/data_science/test_parse_description.py" line="163" name="test_lower_cased" time="0.001"></testcase><testcase classname="tests.pipelines.data_science.test_parse_description.TestCleanDescription" file="tests/pipelines/data_science/test_parse_description.py" line="176" name="test_remove_escape_chars" time="0.001"></testcase><testcase classname="tests.pipelines.data_science.test_parse_description.TestAppendDocumentAppearances" file="tests/pipelines/data_science/test_parse_description.py" line="191" name="test_appending_document_appearances_column" time="1.290"></testcase></testsuite></testsuites>