<?xml version="1.0" encoding="utf-8"?><testsuites><testsuite name="pytest" errors="0" failures="0" skipped="0" tests="35" time="7.872" timestamp="2021-04-05T03:21:40.490751" hostname="7178295daa03"><testcase classname="tests.__init__" name="BLACK" file="tests/__init__.py" line="-1" time="0.547" /><testcase classname="tests.conftest" name="BLACK" file="tests/conftest.py" line="-1" time="0.419" /><testcase classname="tests.test_parsers" name="BLACK" file="tests/test_parsers.py" line="-1" time="0.489" /><testcase classname="tests.test_parsers.TestIndeedParser" name="test_full_url" file="tests/test_parsers.py" line="15" time="0.001" /><testcase classname="tests.test_parsers.TestIndeedParser" name="test_get_entries_count" file="tests/test_parsers.py" line="29" time="0.008" /><testcase classname="tests.test_parsers.TestIndeedEntry" name="test_link" file="tests/test_parsers.py" line="60" time="0.002" /><testcase classname="tests.test_parsers.TestIndeedEntry" name="test_job_page" file="tests/test_parsers.py" line="70" time="0.002" /><testcase classname="tests.test_parsers.TestIndeedEntry" name="test_job_title" file="tests/test_parsers.py" line="80" time="0.003" /><testcase classname="tests.test_parsers.TestIndeedEntry" name="test_company_name" file="tests/test_parsers.py" line="130" time="0.004" /><testcase classname="tests.test_parsers.TestIndeedEntry" name="test_location" file="tests/test_parsers.py" line="141" time="0.004" /><testcase classname="tests.test_parsers.TestIndeedEntry" name="test_salary" file="tests/test_parsers.py" line="152" time="0.002" /><testcase classname="tests.test_parsers.TestIndeedEntry" name="test_no_salary" file="tests/test_parsers.py" line="172" time="0.002" /><testcase classname="tests.test_parsers.TestIndeedEntry" name="test_job_summary" file="tests/test_parsers.py" line="188" time="0.002" /><testcase classname="tests.test_parsers.TestIndeedEntry" name="test_job_description" file="tests/test_parsers.py" line="208" time="1.008" /><testcase classname="tests.test_run" name="BLACK" file="tests/test_run.py" line="-1" time="0.487" /><testcase classname="tests.test_run.TestProjectContext" name="test_project_name" file="tests/test_run.py" line="54" time="0.055" /><testcase classname="tests.test_run.TestProjectContext" name="test_project_version" file="tests/test_run.py" line="57" time="0.034" /><testcase classname="tests.pipelines.__init__" name="BLACK" file="tests/pipelines/__init__.py" line="-1" time="0.462" /><testcase classname="tests.pipelines.data_engineering.__init__" name="BLACK" file="tests/pipelines/data_engineering/__init__.py" line="-1" time="0.457" /><testcase classname="tests.pipelines.data_engineering.test_nodes" name="BLACK" file="tests/pipelines/data_engineering/test_nodes.py" line="-1" time="0.545" /><testcase classname="tests.pipelines.data_engineering.test_nodes.TestGetJobPostings" name="test_typical" file="tests/pipelines/data_engineering/test_nodes.py" line="7" time="0.124" /><testcase classname="tests.pipelines.data_science.__init__" name="BLACK" file="tests/pipelines/data_science/__init__.py" line="-1" time="0.529" /><testcase classname="tests.pipelines.data_science.test_nodes" name="BLACK" file="tests/pipelines/data_science/test_nodes.py" line="-1" time="0.645" /><testcase classname="tests.pipelines.data_science.test_nodes.TestExpandSalary" name="test_typical" file="tests/pipelines/data_science/test_nodes.py" line="10" time="0.036" /><testcase classname="tests.pipelines.data_science.test_nodes.TestExpandSalary" name="test_salary_has_none" file="tests/pipelines/data_science/test_nodes.py" line="39" time="0.021" /><testcase classname="tests.pipelines.data_science.test_nodes.TestParseSalary" name="test_typical_yearly" file="tests/pipelines/data_science/test_nodes.py" line="71" time="0.001" /><testcase classname="tests.pipelines.data_science.test_nodes.TestParseSalary" name="test_typical_hourly" file="tests/pipelines/data_science/test_nodes.py" line="84" time="0.001" /><testcase classname="tests.pipelines.data_science.test_nodes.TestParseSalary" name="test_single_value_yearly" file="tests/pipelines/data_science/test_nodes.py" line="97" time="0.001" /><testcase classname="tests.pipelines.data_science.test_nodes.TestParseSalary" name="test_single_value_hourly" file="tests/pipelines/data_science/test_nodes.py" line="110" time="0.001" /><testcase classname="tests.pipelines.data_science.test_nodes.TestExpandLocation" name="test_typical" file="tests/pipelines/data_science/test_nodes.py" line="126" time="0.020" /><testcase classname="tests.pipelines.data_science.test_nodes.TestParseLocation" name="test_typical" file="tests/pipelines/data_science/test_nodes.py" line="153" time="0.001" /><testcase classname="tests.pipelines.data_science.test_nodes.TestParseLocation" name="test_no_neighborhood" file="tests/pipelines/data_science/test_nodes.py" line="166" time="0.001" /><testcase classname="tests.pipelines.data_science.test_nodes.TestParseLocation" name="test_no_zip_code" file="tests/pipelines/data_science/test_nodes.py" line="179" time="0.001" /><testcase classname="tests.pipelines.data_science.test_nodes.TestParseLocation" name="test_only_city_state" file="tests/pipelines/data_science/test_nodes.py" line="192" time="0.001" /><testcase classname="tests.pipelines.data_science.test_nodes.TestParseLocation" name="test_neighborhood_first" file="tests/pipelines/data_science/test_nodes.py" line="205" time="0.001" /></testsuite></testsuites>