<?xml version="1.0" encoding="utf-8"?><testsuites><testsuite name="pytest" errors="0" failures="0" skipped="0" tests="20" time="6.995" timestamp="2020-12-13T22:10:14.320791" hostname="04f6a94612a5"><testcase classname="tests.__init__" name="BLACK" file="tests/__init__.py" line="-1" time="0.719" /><testcase classname="tests.conftest" name="BLACK" file="tests/conftest.py" line="-1" time="0.580" /><testcase classname="tests.test_parsers" name="BLACK" file="tests/test_parsers.py" line="-1" time="0.682" /><testcase classname="tests.test_parsers.TestIndeedParser" name="test_full_url" file="tests/test_parsers.py" line="15" time="0.002" /><testcase classname="tests.test_parsers.TestIndeedParser" name="test_get_entries_count" file="tests/test_parsers.py" line="29" time="0.010" /><testcase classname="tests.test_parsers.TestIndeedEntry" name="test_link" file="tests/test_parsers.py" line="60" time="0.004" /><testcase classname="tests.test_parsers.TestIndeedEntry" name="test_job_page" file="tests/test_parsers.py" line="70" time="0.005" /><testcase classname="tests.test_parsers.TestIndeedEntry" name="test_job_title" file="tests/test_parsers.py" line="80" time="0.009" /><testcase classname="tests.test_parsers.TestIndeedEntry" name="test_company_name" file="tests/test_parsers.py" line="130" time="0.012" /><testcase classname="tests.test_parsers.TestIndeedEntry" name="test_location" file="tests/test_parsers.py" line="141" time="0.007" /><testcase classname="tests.test_parsers.TestIndeedEntry" name="test_salary" file="tests/test_parsers.py" line="152" time="0.005" /><testcase classname="tests.test_parsers.TestIndeedEntry" name="test_no_salary" file="tests/test_parsers.py" line="172" time="0.011" /><testcase classname="tests.test_parsers.TestIndeedEntry" name="test_job_summary" file="tests/test_parsers.py" line="188" time="0.006" /><testcase classname="tests.test_parsers.TestIndeedEntry" name="test_job_description" file="tests/test_parsers.py" line="208" time="1.015" /><testcase classname="tests.test_run" name="BLACK" file="tests/test_run.py" line="-1" time="0.577" /><testcase classname="tests.test_run.TestProjectContext" name="test_project_name" file="tests/test_run.py" line="54" time="0.085" /><testcase classname="tests.test_run.TestProjectContext" name="test_project_version" file="tests/test_run.py" line="57" time="0.068" /><testcase classname="tests.pipelines.__init__" name="BLACK" file="tests/pipelines/__init__.py" line="-1" time="0.584" /><testcase classname="tests.pipelines.data_engineering.test_nodes" name="BLACK" file="tests/pipelines/data_engineering/test_nodes.py" line="-1" time="0.605" /><testcase classname="tests.pipelines.data_engineering.test_nodes.TestGetJobPostings" name="test_typical" file="tests/pipelines/data_engineering/test_nodes.py" line="7" time="0.178" /></testsuite></testsuites>